[2017-11-01 19:59:29.147] [TRACE] system - "{\"type\":2000,data:{\"username\":\"player1\"}}"
[2017-11-01 20:00:13.553] [TRACE] system - "{\"type\":2000,data:{\"username\":\"player1\"}}"
[2017-11-01 20:00:13.560] [TRACE] system - {"type":2000,data:{"username":"player1"}}
[2017-11-01 20:01:18.941] [TRACE] system - "{type:2000,data:{username:\"player1\"}}"
[2017-11-01 20:01:18.942] [TRACE] system - {type:2000,data:{username:"player1"}}
[2017-11-01 20:01:46.332] [TRACE] system - "{type:2000,data:{username:\"player1\"}}"
[2017-11-01 20:01:46.337] [TRACE] system - undefined
[2017-11-01 20:03:20.899] [TRACE] system - "{type:2000,data:{username:\"player1\"}}"
[2017-11-01 20:03:20.899] [TRACE] system - undefined
[2017-11-01 20:03:56.649] [TRACE] system - "{type:2000,data:{username:\"player1\"}}"
[2017-11-01 20:03:56.649] [TRACE] system - undefined
[2017-11-01 20:04:46.026] [TRACE] system - "{type:2000,data:{username:\"player1\"}}"
[2017-11-01 20:04:46.027] [TRACE] system - undefined
[2017-11-01 20:07:31.514] [TRACE] system - "{\n    \"type\": 2000,\n    \"data\": {\n        \"username\": \"qiushangzhe\"\n    }\n}"
[2017-11-01 20:07:31.515] [TRACE] system - undefined
[2017-11-01 20:07:34.518] [TRACE] system - "{\n    \"type\": 2000,\n    \"data\": {\n        \"username\": \"qiushangzhe\"\n    }\n}"
[2017-11-01 20:07:34.518] [TRACE] system - undefined
[2017-11-01 20:12:38.384] [TRACE] system - "{type:2000}"
[2017-11-01 20:14:13.551] [TRACE] system - "{type:2000}"
[2017-11-01 20:15:26.846] [TRACE] system - "{type:2000}"
[2017-11-01 20:17:02.470] [TRACE] system - "{type:2000}"
[2017-11-01 20:17:34.488] [TRACE] system - "{type:2000}"
[2017-11-01 20:21:19.787] [TRACE] system - {"type":2000}
[2017-11-01 20:22:55.804] [TRACE] system - {"type":2000,"data":{"username":"p1"}}
[2017-11-01 20:26:53.221] [TRACE] system - {"type":2000,"data":{"username":"p1"}}
[2017-11-01 20:26:54.254] [TRACE] system - {"type":2000,"data":{"username":"p1"}}
[2017-11-01 20:26:59.722] [TRACE] system - {"type":2000,"data":{"username":"p1"}}
[2017-11-01 20:32:00.083] [TRACE] system - {"type":2000,"data":{"username":"p1"}}
[2017-11-01 20:32:01.655] [TRACE] system - {"type":2000,"data":{"username":"p1"}}
[2017-11-01 20:32:30.159] [TRACE] system - {"type":2000,"data":{"username":"p1"}}
[2017-11-01 20:32:30.891] [TRACE] system - {"type":2000,"data":{"username":"p1"}}
[2017-11-01 20:32:33.711] [TRACE] system - {"type":2000,"data":{"username":"p1"}}
[2017-11-01 20:32:36.025] [TRACE] system - {"type":2000,"data":{"username":"p1"}}
[2017-11-01 20:33:38.876] [TRACE] system - {"type":2000,"data":{"username":"p2"}}
[2017-11-01 20:33:43.542] [TRACE] system - {"type":2000,"data":{"username":"p3"}}
[2017-11-01 20:33:52.543] [TRACE] system - {"type":2000,"data":{"username":"p4"}}
[2017-11-01 20:38:01.533] [TRACE] system - {"type":2000,"data":{"username":"p1"}}
[2017-11-01 20:38:05.214] [TRACE] system - {"type":2000,"data":{"username":"p2"}}
[2017-11-01 20:38:08.303] [TRACE] system - {"type":2000,"data":{"username":"p3"}}
[2017-11-01 20:38:11.222] [TRACE] system - {"type":2000,"data":{"username":"p4"}}
[2017-11-01 20:43:23.845] [TRACE] system - 玩家p2离开了游戏
[2017-11-01 20:43:23.852] [TRACE] system - 玩家p3离开了游戏
[2017-11-01 20:43:23.852] [TRACE] system - 玩家p1离开了游戏
[2017-11-01 20:43:23.856] [TRACE] system - 玩家p4离开了游戏
[2017-11-01 20:45:21.457] [TRACE] system - {"type":2000,"data":{"username":"p1"}}
[2017-11-01 20:45:26.316] [TRACE] system - {"type":2000,"data":{"username":"p1"}}
[2017-11-01 20:45:38.942] [TRACE] system - {"type":2000,"data":{"username":"p2"}}
[2017-11-01 20:45:43.809] [TRACE] system - {"type":2000,"data":{"username":"p3"}}
[2017-11-01 20:46:00.560] [TRACE] system - {"type":2000,"data":{"username":"p4"}}
[2017-11-01 20:46:20.303] [TRACE] system - {"type":2001,"data":{"cardId":"69"}}
[2017-11-01 21:45:47.021] [TRACE] system - {"type":2000,"data":{"username":"p1"}}
[2017-11-01 21:45:51.026] [TRACE] system - {"type":2000,"data":{"username":"p2"}}
[2017-11-01 21:45:53.550] [TRACE] system - {"type":2000,"data":{"username":"p3"}}
[2017-11-01 21:45:58.183] [TRACE] system - {"type":2000,"data":{"username":"p4"}}
[2017-11-01 21:46:08.142] [TRACE] system - {"type":2001,"data":{"cardId":"29"}}
[2017-11-01 22:16:21.094] [TRACE] system - 玩家p3离开了游戏
[2017-11-01 22:16:21.100] [TRACE] system - 玩家p1离开了游戏
[2017-11-01 22:16:21.101] [TRACE] system - 玩家p2离开了游戏
[2017-11-01 22:16:21.105] [TRACE] system - 玩家p4离开了游戏
[2017-11-01 23:32:47.285] [TRACE] system - {"type":2000,"data":{"username":"p1"}}
[2017-11-01 23:32:49.606] [TRACE] system - {"type":2000,"data":{"username":"p2"}}
[2017-11-01 23:32:53.034] [TRACE] system - {"type":2000,"data":{"username":"p3"}}
[2017-11-01 23:32:55.925] [TRACE] system - {"type":2000,"data":{"username":"p4"}}
[2017-11-01 23:33:18.292] [TRACE] system - {"type":2001,"data":{"type":"1","point":"2"}}
[2017-11-01 23:36:16.178] [TRACE] system - {"type":2000,"data":{"username":"p1"}}
[2017-11-01 23:36:18.118] [TRACE] system - {"type":2000,"data":{"username":"p1"}}
[2017-11-01 23:36:18.319] [TRACE] system - {"type":2000,"data":{"username":"p1"}}
[2017-11-01 23:36:44.242] [TRACE] system - {"type":2000,"data":{"username":"p1"}}
[2017-11-01 23:36:46.377] [TRACE] system - {"type":2000,"data":{"username":"p2"}}
[2017-11-01 23:36:49.641] [TRACE] system - {"type":2000,"data":{"username":"p3"}}
[2017-11-01 23:36:52.227] [TRACE] system - {"type":2000,"data":{"username":"p4"}}
[2017-11-01 23:36:59.359] [TRACE] system - {"type":2001,"data":{"type":"1","point":"5"}}
[2017-11-01 23:38:23.579] [TRACE] system - {"type":2000,"data":{"username":"p1"}}
[2017-11-01 23:38:26.452] [TRACE] system - {"type":2000,"data":{"username":"p2"}}
[2017-11-01 23:38:29.637] [TRACE] system - {"type":2000,"data":{"username":"p3"}}
[2017-11-01 23:38:33.574] [TRACE] system - {"type":2000,"data":{"username":"p4"}}
[2017-11-01 23:38:38.076] [TRACE] system - {"type":2001,"data":{"type":"1","point":"2"}}
[2017-11-01 23:40:00.333] [TRACE] system - {"type":2000,"data":{"username":"p1"}}
[2017-11-01 23:40:03.464] [TRACE] system - {"type":2000,"data":{"username":"p2"}}
[2017-11-01 23:40:07.207] [TRACE] system - {"type":2000,"data":{"username":"p3"}}
[2017-11-01 23:40:09.593] [TRACE] system - {"type":2000,"data":{"username":"p4"}}
[2017-11-01 23:40:14.938] [TRACE] system - {"type":2001,"data":{"type":"2","point":"1"}}
[2017-11-01 23:42:14.030] [TRACE] system - {"type":2000,"data":{"username":"p1"}}
[2017-11-01 23:42:16.147] [TRACE] system - {"type":2000,"data":{"username":"p2"}}
[2017-11-01 23:42:18.764] [TRACE] system - {"type":2000,"data":{"username":"p3"}}
[2017-11-01 23:42:21.062] [TRACE] system - {"type":2000,"data":{"username":"p4"}}
[2017-11-01 23:42:26.638] [TRACE] system - {"type":2001,"data":{"type":"1","point":"6"}}
[2017-11-01 23:51:06.290] [TRACE] system - {"type":2000,"data":{"username":"p1"}}
[2017-11-01 23:51:09.999] [TRACE] system - {"type":2000,"data":{"username":"p2"}}
[2017-11-01 23:51:13.451] [TRACE] system - {"type":2000,"data":{"username":"p3"}}
[2017-11-01 23:51:16.871] [TRACE] system - {"type":2000,"data":{"username":"p4"}}
[2017-11-01 23:51:21.334] [TRACE] system - {"type":2001,"data":{"type":"5","point":"2"}}
[2017-11-01 23:52:58.850] [TRACE] system - {"type":2000,"data":{"username":"p1"}}
[2017-11-01 23:53:02.333] [TRACE] system - {"type":2000,"data":{"username":"p2"}}
[2017-11-01 23:53:05.726] [TRACE] system - {"type":2000,"data":{"username":"p3"}}
[2017-11-01 23:53:09.475] [TRACE] system - {"type":2000,"data":{"username":"p4"}}
[2017-11-01 23:53:13.267] [TRACE] system - {"type":2001,"data":{"type":"4","point":"4"}}
[2017-11-01 23:54:03.912] [TRACE] system - {"type":2000,"data":{"username":"p4"}}
[2017-11-01 23:54:06.739] [TRACE] system - {"type":2000,"data":{"username":"p3"}}
[2017-11-01 23:54:09.995] [TRACE] system - {"type":2000,"data":{"username":"p2"}}
[2017-11-01 23:54:12.971] [TRACE] system - {"type":2000,"data":{"username":"p1"}}
[2017-11-01 23:54:17.618] [TRACE] system - {"type":2001,"data":{"type":"1","point":"3"}}
[2017-11-01 23:55:14.633] [TRACE] system - {"type":2001,"data":{"type":"1","point":"3"}}
[2017-11-01 23:55:15.417] [TRACE] system - {"type":2001,"data":{"type":"1","point":"3"}}
[2017-11-01 23:55:15.837] [TRACE] system - {"type":2001,"data":{"type":"1","point":"3"}}
[2017-11-01 23:55:16.241] [TRACE] system - {"type":2001,"data":{"type":"1","point":"3"}}
[2017-11-01 23:55:16.507] [TRACE] system - {"type":2001,"data":{"type":"1","point":"3"}}
[2017-11-01 23:55:16.669] [TRACE] system - {"type":2001,"data":{"type":"1","point":"3"}}
[2017-11-01 23:55:17.161] [TRACE] system - {"type":2001,"data":{"type":"1","point":"3"}}
[2017-11-01 23:56:49.307] [TRACE] system - {"type":2000,"data":{"username":"p4"}}
[2017-11-01 23:56:58.591] [TRACE] system - {"type":2000,"data":{"username":"p3"}}
[2017-11-01 23:57:05.067] [TRACE] system - {"type":2000,"data":{"username":"p2"}}
[2017-11-01 23:57:14.928] [TRACE] system - {"type":2000,"data":{"username":"p1"}}
[2017-11-01 23:57:19.933] [TRACE] system - {"type":2001,"data":{"type":"1","point":"8"}}
[2017-11-01 23:59:07.737] [INFO] system - {"type":2000,"data":{"username":"p1"}}
[2017-11-01 23:59:12.035] [INFO] system - {"type":2000,"data":{"username":"p2"}}
[2017-11-01 23:59:17.425] [INFO] system - {"type":2000,"data":{"username":"p3"}}
[2017-11-01 23:59:22.423] [INFO] system - {"type":2000,"data":{"username":"p4"}}
[2017-11-01 23:59:29.413] [INFO] system - {"type":2001,"data":{"type":"1","point":"8"}}
[2017-11-01 23:59:29.413] [TRACE] system - 收到玩家p1的打牌消息[object Object]
[2017-11-02 00:11:57.015] [INFO] system - {"type":2000,"data":{"username":"p1"}}
[2017-11-02 00:12:05.420] [INFO] system - {"type":2000,"data":{"username":"p2"}}
[2017-11-02 00:12:12.298] [INFO] system - {"type":2000,"data":{"username":"p3"}}
[2017-11-02 00:12:20.769] [INFO] system - {"type":2000,"data":{"username":"p4"}}
[2017-11-02 00:12:26.052] [INFO] system - {"type":2001,"data":{"type":"3","point":"3"}}
[2017-11-02 00:12:26.052] [TRACE] system - 收到玩家p1的打牌消息{"type":2001,"data":{"type":"3","point":"3"}}
[2017-11-02 00:15:42.810] [INFO] system - {"type":2001,"data":{"type":"3","point":"3"}}
[2017-11-02 00:15:42.811] [TRACE] system - 收到玩家p1的打牌消息{"type":2001,"data":{"type":"3","point":"3"}}
[2017-11-02 00:15:44.749] [INFO] system - {"type":2001,"data":{"type":"3","point":"3"}}
[2017-11-02 00:15:44.749] [TRACE] system - 收到玩家p1的打牌消息{"type":2001,"data":{"type":"3","point":"3"}}
[2017-11-02 00:15:45.476] [INFO] system - {"type":2001,"data":{"type":"3","point":"3"}}
[2017-11-02 00:15:45.476] [TRACE] system - 收到玩家p1的打牌消息{"type":2001,"data":{"type":"3","point":"3"}}
[2017-11-02 00:15:46.138] [INFO] system - {"type":2001,"data":{"type":"3","point":"3"}}
[2017-11-02 00:15:46.153] [TRACE] system - 收到玩家p1的打牌消息{"type":2001,"data":{"type":"3","point":"3"}}
[2017-11-02 00:15:46.671] [INFO] system - {"type":2001,"data":{"type":"3","point":"3"}}
[2017-11-02 00:15:46.671] [TRACE] system - 收到玩家p1的打牌消息{"type":2001,"data":{"type":"3","point":"3"}}
[2017-11-02 00:15:47.245] [INFO] system - {"type":2001,"data":{"type":"3","point":"3"}}
[2017-11-02 00:15:47.246] [TRACE] system - 收到玩家p1的打牌消息{"type":2001,"data":{"type":"3","point":"3"}}
[2017-11-02 00:15:48.045] [INFO] system - {"type":2001,"data":{"type":"3","point":"3"}}
[2017-11-02 00:15:48.046] [TRACE] system - 收到玩家p1的打牌消息{"type":2001,"data":{"type":"3","point":"3"}}
[2017-11-02 00:15:48.569] [INFO] system - {"type":2001,"data":{"type":"3","point":"3"}}
[2017-11-02 00:15:48.569] [TRACE] system - 收到玩家p1的打牌消息{"type":2001,"data":{"type":"3","point":"3"}}
[2017-11-02 00:15:48.997] [INFO] system - {"type":2001,"data":{"type":"3","point":"3"}}
[2017-11-02 00:15:48.997] [TRACE] system - 收到玩家p1的打牌消息{"type":2001,"data":{"type":"3","point":"3"}}
[2017-11-02 00:15:49.400] [INFO] system - {"type":2001,"data":{"type":"3","point":"3"}}
[2017-11-02 00:15:49.401] [TRACE] system - 收到玩家p1的打牌消息{"type":2001,"data":{"type":"3","point":"3"}}
[2017-11-02 00:15:49.845] [INFO] system - {"type":2001,"data":{"type":"3","point":"3"}}
[2017-11-02 00:15:49.846] [TRACE] system - 收到玩家p1的打牌消息{"type":2001,"data":{"type":"3","point":"3"}}
[2017-11-02 00:15:50.193] [INFO] system - {"type":2001,"data":{"type":"3","point":"3"}}
[2017-11-02 00:15:50.193] [TRACE] system - 收到玩家p1的打牌消息{"type":2001,"data":{"type":"3","point":"3"}}
[2017-11-02 00:15:50.500] [INFO] system - {"type":2001,"data":{"type":"3","point":"3"}}
[2017-11-02 00:15:50.500] [TRACE] system - 收到玩家p1的打牌消息{"type":2001,"data":{"type":"3","point":"3"}}
[2017-11-02 00:15:50.818] [INFO] system - {"type":2001,"data":{"type":"3","point":"3"}}
[2017-11-02 00:15:50.819] [TRACE] system - 收到玩家p1的打牌消息{"type":2001,"data":{"type":"3","point":"3"}}
[2017-11-02 00:15:51.158] [INFO] system - {"type":2001,"data":{"type":"3","point":"3"}}
[2017-11-02 00:15:51.158] [TRACE] system - 收到玩家p1的打牌消息{"type":2001,"data":{"type":"3","point":"3"}}
[2017-11-02 00:15:51.408] [INFO] system - {"type":2001,"data":{"type":"3","point":"3"}}
[2017-11-02 00:15:51.409] [TRACE] system - 收到玩家p1的打牌消息{"type":2001,"data":{"type":"3","point":"3"}}
[2017-11-02 00:15:51.659] [INFO] system - {"type":2001,"data":{"type":"3","point":"3"}}
[2017-11-02 00:15:51.659] [TRACE] system - 收到玩家p1的打牌消息{"type":2001,"data":{"type":"3","point":"3"}}
[2017-11-02 00:15:51.877] [INFO] system - {"type":2001,"data":{"type":"3","point":"3"}}
[2017-11-02 00:15:51.877] [TRACE] system - 收到玩家p1的打牌消息{"type":2001,"data":{"type":"3","point":"3"}}
[2017-11-02 00:15:52.079] [INFO] system - {"type":2001,"data":{"type":"3","point":"3"}}
[2017-11-02 00:15:52.079] [TRACE] system - 收到玩家p1的打牌消息{"type":2001,"data":{"type":"3","point":"3"}}
[2017-11-02 00:15:52.402] [INFO] system - {"type":2001,"data":{"type":"3","point":"3"}}
[2017-11-02 00:15:52.402] [TRACE] system - 收到玩家p1的打牌消息{"type":2001,"data":{"type":"3","point":"3"}}
[2017-11-02 00:15:52.619] [INFO] system - {"type":2001,"data":{"type":"3","point":"3"}}
[2017-11-02 00:15:52.619] [TRACE] system - 收到玩家p1的打牌消息{"type":2001,"data":{"type":"3","point":"3"}}
[2017-11-02 00:15:52.791] [INFO] system - {"type":2001,"data":{"type":"3","point":"3"}}
[2017-11-02 00:15:52.792] [TRACE] system - 收到玩家p1的打牌消息{"type":2001,"data":{"type":"3","point":"3"}}
[2017-11-02 00:15:52.967] [INFO] system - {"type":2001,"data":{"type":"3","point":"3"}}
[2017-11-02 00:15:52.967] [TRACE] system - 收到玩家p1的打牌消息{"type":2001,"data":{"type":"3","point":"3"}}
[2017-11-02 00:15:53.153] [INFO] system - {"type":2001,"data":{"type":"3","point":"3"}}
[2017-11-02 00:15:53.153] [TRACE] system - 收到玩家p1的打牌消息{"type":2001,"data":{"type":"3","point":"3"}}
[2017-11-02 00:15:53.313] [INFO] system - {"type":2001,"data":{"type":"3","point":"3"}}
[2017-11-02 00:15:53.313] [TRACE] system - 收到玩家p1的打牌消息{"type":2001,"data":{"type":"3","point":"3"}}
[2017-11-02 00:15:53.467] [INFO] system - {"type":2001,"data":{"type":"3","point":"3"}}
[2017-11-02 00:15:53.467] [TRACE] system - 收到玩家p1的打牌消息{"type":2001,"data":{"type":"3","point":"3"}}
[2017-11-02 00:15:53.622] [INFO] system - {"type":2001,"data":{"type":"3","point":"3"}}
[2017-11-02 00:15:53.623] [TRACE] system - 收到玩家p1的打牌消息{"type":2001,"data":{"type":"3","point":"3"}}
[2017-11-02 00:15:53.791] [INFO] system - {"type":2001,"data":{"type":"3","point":"3"}}
[2017-11-02 00:15:53.792] [TRACE] system - 收到玩家p1的打牌消息{"type":2001,"data":{"type":"3","point":"3"}}
[2017-11-02 00:15:53.952] [INFO] system - {"type":2001,"data":{"type":"3","point":"3"}}
[2017-11-02 00:15:53.952] [TRACE] system - 收到玩家p1的打牌消息{"type":2001,"data":{"type":"3","point":"3"}}
[2017-11-02 00:15:54.276] [INFO] system - {"type":2001,"data":{"type":"3","point":"3"}}
[2017-11-02 00:15:54.276] [TRACE] system - 收到玩家p1的打牌消息{"type":2001,"data":{"type":"3","point":"3"}}
[2017-11-02 00:15:54.452] [INFO] system - {"type":2001,"data":{"type":"3","point":"3"}}
[2017-11-02 00:15:54.453] [TRACE] system - 收到玩家p1的打牌消息{"type":2001,"data":{"type":"3","point":"3"}}
[2017-11-02 00:16:39.923] [INFO] system - {"type":2001,"data":{"type":"3","point":"3"}}
[2017-11-02 00:16:39.923] [TRACE] system - 收到玩家p1的打牌消息{"type":2001,"data":{"type":"3","point":"3"}}
[2017-11-02 00:16:40.716] [INFO] system - {"type":2001,"data":{"type":"3","point":"3"}}
[2017-11-02 00:16:40.716] [TRACE] system - 收到玩家p1的打牌消息{"type":2001,"data":{"type":"3","point":"3"}}
[2017-11-02 22:33:33.840] [INFO] system - {"type":2000,"data":{"username":"p1"}}
[2017-11-02 22:34:53.934] [INFO] system - {"type":2000,"data":{"username":"p2"}}
[2017-11-02 22:35:01.922] [INFO] system - {"type":2000,"data":{"username":"p3"}}
[2017-11-02 22:35:07.183] [INFO] system - {"type":2000,"data":{"username":"p4"}}
[2017-11-02 22:36:20.434] [TRACE] system - 玩家p1离开了游戏
[2017-11-02 22:36:20.440] [TRACE] system - 玩家p3离开了游戏
[2017-11-02 22:36:20.441] [TRACE] system - 玩家p2离开了游戏
[2017-11-02 22:36:20.445] [TRACE] system - 玩家p4离开了游戏
[2017-11-02 22:37:58.476] [INFO] system - {"type":2000,"data":{"username":"p1"}}
[2017-11-02 22:38:04.219] [INFO] system - {"type":2000,"data":{"username":"p2"}}
[2017-11-02 22:38:10.370] [INFO] system - {"type":2000,"data":{"username":"p3"}}
[2017-11-02 22:38:19.377] [INFO] system - {"type":2000,"data":{"username":"p4"}}
[2017-11-02 22:38:32.069] [INFO] system - {"type":2001,"data":{}}
[2017-11-02 22:41:06.021] [INFO] system - {"type":2000,"data":{"username":"p1"}}
[2017-11-02 22:41:12.041] [INFO] system - {"type":2000,"data":{"username":"p2"}}
[2017-11-02 22:41:18.522] [INFO] system - {"type":2000,"data":{"username":"p3"}}
[2017-11-02 22:41:26.541] [INFO] system - {"type":2000,"data":{"username":"p4"}}
[2017-11-02 22:41:34.902] [INFO] system - {"type":2001,"data":{}}
[2017-11-02 22:41:34.907] [TRACE] system - 收到玩家p1的打牌消息{"type":2001,"data":{}}
[2017-11-02 22:41:59.368] [INFO] system - {"type":2001,"data":{}}
[2017-11-02 22:41:59.371] [TRACE] system - 收到玩家p1的打牌消息{"type":2001,"data":{}}
[2017-11-02 22:42:12.369] [INFO] system - {"type":2001,"data":{}}
[2017-11-02 22:42:12.371] [TRACE] system - 收到玩家p1的打牌消息{"type":2001,"data":{}}
[2017-11-02 22:42:35.714] [TRACE] system - 玩家p2离开了游戏
[2017-11-02 22:42:35.719] [TRACE] system - 玩家p4离开了游戏
[2017-11-02 22:42:35.719] [TRACE] system - 玩家p1离开了游戏
[2017-11-02 22:42:35.720] [TRACE] system - 玩家p3离开了游戏
[2017-11-02 22:42:46.959] [INFO] system - {"type":2000,"data":{"username":"p1"}}
[2017-11-02 22:42:52.006] [INFO] system - {"type":2001,"data":{}}
[2017-11-02 22:45:14.268] [INFO] system - {"type":2000,"data":{"username":"p1"}}
[2017-11-02 22:45:20.638] [INFO] system - {"type":2000,"data":{"username":"p2"}}
[2017-11-02 22:45:27.774] [INFO] system - {"type":2000,"data":{"username":"p3"}}
[2017-11-02 22:45:33.743] [INFO] system - {"type":2000,"data":{"username":"p4"}}
[2017-11-02 22:45:39.945] [INFO] system - {"type":2001,"data":{"data":{"type":"2","point":"1"}}}
[2017-11-02 22:45:39.949] [TRACE] system - 收到玩家p1的打牌消息{"type":2001,"data":{"data":{"type":"2","point":"1"}}}
[2017-11-02 22:46:00.654] [TRACE] system - 玩家p2离开了游戏
[2017-11-02 22:46:00.659] [TRACE] system - 玩家p3离开了游戏
[2017-11-02 22:46:00.660] [TRACE] system - 玩家p4离开了游戏
[2017-11-02 22:46:00.663] [TRACE] system - 玩家p1离开了游戏
[2017-11-02 22:46:09.377] [INFO] system - {"type":2000,"data":{"username":"p1"}}
[2017-11-02 22:46:13.938] [INFO] system - {"type":2001,"data":{"type":"2","point":"1"}}
[2017-11-02 22:47:27.176] [INFO] system - {"type":2000,"data":{"username":"p1"}}
[2017-11-02 22:47:32.799] [INFO] system - {"type":2000,"data":{"username":"p2"}}
[2017-11-02 22:47:38.760] [INFO] system - {"type":2000,"data":{"username":"p3"}}
[2017-11-02 22:47:44.329] [INFO] system - {"type":2000,"data":{"username":"p4"}}
[2017-11-02 22:47:51.892] [INFO] system - {"type":2001,"data":{"type":"1","point":"7"}}
[2017-11-02 22:47:51.897] [TRACE] system - 收到玩家p1的打牌消息{"type":2001,"data":{"type":"1","point":"7"}}
[2017-11-02 23:12:35.288] [INFO] system - {"type":2000,"data":{"username":"p1"}}
[2017-11-02 23:12:42.372] [INFO] system - {"type":2000,"data":{"username":"p2"}}
[2017-11-02 23:12:47.867] [INFO] system - {"type":2000,"data":{"username":"p3"}}
[2017-11-02 23:12:52.842] [INFO] system - {"type":2000,"data":{"username":"p4"}}
[2017-11-02 23:14:22.610] [INFO] system - {"type":2000,"data":{"username":"p1"}}
[2017-11-02 23:14:26.965] [INFO] system - {"type":2000,"data":{"username":"p2"}}
[2017-11-02 23:14:31.128] [INFO] system - {"type":2000,"data":{"username":"p3"}}
[2017-11-02 23:14:35.606] [INFO] system - {"type":2000,"data":{"username":"p4"}}
[2017-11-02 23:15:23.202] [INFO] system - {"type":2000,"data":{"username":"p1"}}
[2017-11-02 23:15:28.553] [INFO] system - {"type":2000,"data":{"username":"p2"}}
[2017-11-02 23:15:33.355] [INFO] system - {"type":2000,"data":{"username":"p3"}}
[2017-11-02 23:15:37.930] [INFO] system - {"type":2000,"data":{"username":"p4"}}
[2017-11-02 23:15:48.867] [INFO] system - {"type":2001,"data":{"type":"1","point":"2"}}
[2017-11-02 23:15:48.872] [TRACE] system - 收到玩家p1的打牌消息{"type":2001,"data":{"type":"1","point":"2"}}
[2017-11-02 23:16:21.773] [INFO] system - {"type":2001,"data":{"type":"2","point":"3"}}
[2017-11-02 23:16:21.775] [TRACE] system - 收到玩家p1的打牌消息{"type":2001,"data":{"type":"2","point":"3"}}
[2017-11-02 23:17:53.465] [INFO] system - {"type":2000,"data":{"username":"p1"}}
[2017-11-02 23:17:58.624] [INFO] system - {"type":2000,"data":{"username":"p2"}}
[2017-11-02 23:18:04.597] [INFO] system - {"type":2000,"data":{"username":"p3"}}
[2017-11-02 23:18:09.793] [INFO] system - {"type":2000,"data":{"username":"p4"}}
[2017-11-02 23:18:18.784] [INFO] system - {"type":2001,"data":{"type":"1","point":"6"}}
[2017-11-02 23:18:18.790] [TRACE] system - 收到玩家p1的打牌消息{"type":2001,"data":{"type":"1","point":"6"}}
