[2017-10-31 21:12:42.869] [TRACE] system - {"type":"READYGAME","data":{"username":"qiusz01"}}
[2017-10-31 21:12:56.100] [TRACE] system - {"type":"READYGAME","data":{"username":"qiusz02"}}
[2017-10-31 21:13:07.509] [TRACE] system - {"type":"READYGAME","data":{"username":"qiusz03"}}
[2017-10-31 21:13:15.988] [TRACE] system - {"type":"READYGAME","data":{"username":"qiusz04"}}
[2017-10-31 21:30:17.887] [TRACE] system - {"type":"READYGAME","data":{"username":"qiu1"}}
[2017-10-31 21:30:22.350] [TRACE] system - {"type":"READYGAME","data":{"username":"qiu2"}}
[2017-10-31 21:30:26.600] [TRACE] system - {"type":"READYGAME","data":{"username":"qiu3"}}
[2017-10-31 21:30:33.900] [TRACE] system - {"type":"READYGAME","data":{"username":"qiu4"}}
[2017-10-31 22:05:02.695] [TRACE] system - {"type":"READYGAME","data":{"username":"qiushangzhe"}}
[2017-10-31 22:05:07.751] [TRACE] system - {"type":"READYGAME","data":{"username":"qiushangzhe"}}
[2017-10-31 22:05:51.107] [TRACE] system - {"type":"READYGAME","data":{"username":"qiushangzhe"}}
[2017-10-31 22:06:47.973] [TRACE] system - {"type":"READYGAME","data":{"username":"qiusz"}}
[2017-10-31 22:07:05.055] [TRACE] system - {"type":"READYGAME","data":{"username":"qqq"}}
[2017-10-31 22:07:23.252] [TRACE] system - {"type":"READYGAME","data":{"username":"qwe"}}
[2017-10-31 22:09:59.186] [TRACE] system - {"type":"READYGAME","data":{"username":"123"}}
[2017-10-31 22:10:31.877] [TRACE] system - {"type":"READYGAME","data":{"username":"aaaa"}}
[2017-10-31 22:17:18.056] [TRACE] system - {"type":"READYGAME","data":{"username":"1123"}}
[2017-10-31 22:17:54.624] [TRACE] system - {"type":"READYGAME","data":{"username":"asdasd"}}
[2017-10-31 22:18:25.039] [TRACE] system - {"type":"READYGAME","data":{"username":"qiushangzhe"}}
[2017-10-31 22:19:33.686] [TRACE] system - {"type":2000,"data":{"username":"asdasd"}}
[2017-10-31 22:20:32.420] [TRACE] system - {"type":2000,"data":{"username":"aaaaa"}}
[2017-10-31 22:20:47.002] [TRACE] system - {"type":2000,"data":{"username":"qwe"}}
[2017-10-31 22:21:03.825] [TRACE] system - {"type":2000,"data":{"username":"aaa"}}
[2017-10-31 22:22:40.950] [TRACE] system - {"type":2000,"data":{"username":"qiushangzhe"}}
[2017-10-31 22:23:14.070] [TRACE] system - {"type":2000,"data":{"username":"qiushangzhe"}}
[2017-10-31 22:23:42.273] [TRACE] system - {"type":2000,"data":{"username":"qiushangzhe"}}
[2017-10-31 22:24:45.310] [TRACE] system - {"type":2000,"data":{"username":"qiushangzhe"}}
[2017-10-31 22:24:48.839] [TRACE] system - 玩家qiushangzhe离开了游戏
[2017-10-31 22:26:26.202] [TRACE] system - {"type":2000,"data":{"username":"qq"}}
[2017-10-31 22:26:27.370] [TRACE] system - 玩家qq离开了游戏
[2017-10-31 22:37:31.821] [TRACE] system - {"type":2000,"data":{"username":"q1"}}
[2017-10-31 22:37:36.651] [TRACE] system - {"type":2000,"data":{"username":"q2"}}
[2017-10-31 22:37:40.581] [TRACE] system - {"type":2000,"data":{"username":"q3"}}
[2017-10-31 22:37:45.810] [TRACE] system - {"type":2000,"data":{"username":"q4"}}
[2017-10-31 22:39:08.115] [TRACE] system - {"type":2000,"data":{"username":"q1"}}
[2017-10-31 22:39:12.041] [TRACE] system - {"type":2000,"data":{"username":"q2"}}
[2017-10-31 22:39:15.910] [TRACE] system - {"type":2000,"data":{"username":"q3"}}
[2017-10-31 22:39:20.747] [TRACE] system - {"type":2000,"data":{"username":"q4"}}
[2017-10-31 22:41:31.086] [TRACE] system - {"type":2000,"data":{"username":"去"}}
[2017-10-31 22:41:36.379] [TRACE] system - {"type":2000,"data":{"username":"q2"}}
[2017-10-31 22:41:39.960] [TRACE] system - {"type":2000,"data":{"username":"q3"}}
[2017-10-31 22:41:43.150] [TRACE] system - {"type":2000,"data":{"username":"q4"}}
[2017-10-31 22:44:22.793] [TRACE] system - {"type":2000,"data":{"username":"1654.9754807118404"}}
[2017-10-31 22:44:23.549] [TRACE] system - {"type":2000,"data":{"username":"1630.38355803504"}}
[2017-10-31 22:44:24.100] [TRACE] system - {"type":2000,"data":{"username":"1641.5449917275796"}}
[2017-10-31 22:44:24.768] [TRACE] system - {"type":2000,"data":{"username":"1388.3197332611712"}}
[2017-10-31 22:45:00.990] [TRACE] system - {"type":2000,"data":{"username":"1027.8510264262318"}}
[2017-10-31 22:45:01.615] [TRACE] system - {"type":2000,"data":{"username":"1561.716070744608"}}
[2017-10-31 22:45:02.093] [TRACE] system - {"type":2000,"data":{"username":"1427.0363107074868"}}
[2017-10-31 22:45:02.556] [TRACE] system - {"type":2000,"data":{"username":"1632.6537814732476"}}
[2017-10-31 22:45:44.506] [TRACE] system - {"type":2000,"data":{"username":"1366.3182824198545"}}
[2017-10-31 22:45:46.212] [TRACE] system - {"type":2000,"data":{"username":"1343.202227334559"}}
[2017-10-31 22:45:46.797] [TRACE] system - {"type":2000,"data":{"username":"1119.7248762256409"}}
[2017-10-31 22:45:47.298] [TRACE] system - {"type":2000,"data":{"username":"1455.0512489068385"}}
[2017-10-31 22:46:08.589] [TRACE] system - {"type":2000,"data":{"username":"1647.8645435002259"}}
[2017-10-31 22:46:09.631] [TRACE] system - {"type":2000,"data":{"username":"1797.557270787855"}}
[2017-10-31 22:46:10.241] [TRACE] system - {"type":2000,"data":{"username":"1313.1051998312591"}}
[2017-10-31 22:46:10.817] [TRACE] system - {"type":2000,"data":{"username":"1105.8751292953789"}}
[2017-10-31 22:47:21.013] [TRACE] system - 玩家1647.8645435002259离开了游戏
[2017-10-31 22:47:21.028] [TRACE] system - {"type":2000,"data":{"username":"1105.8751292953789"}}
[2017-10-31 22:48:33.465] [TRACE] system - {"type":2000,"data":{"username":"1595.769577507969"}}
[2017-10-31 22:48:33.996] [TRACE] system - {"type":2000,"data":{"username":"1783.0454110180576"}}
[2017-10-31 22:48:34.588] [TRACE] system - {"type":2000,"data":{"username":"1945.4766391821322"}}
[2017-10-31 22:48:35.006] [TRACE] system - {"type":2000,"data":{"username":"1238.9140968690258"}}
[2017-10-31 22:48:47.249] [TRACE] system - 玩家1595.769577507969离开了游戏
[2017-10-31 22:48:47.262] [TRACE] system - {"type":2000,"data":{"username":"1595.769577507969"}}
[2017-10-31 22:49:00.193] [TRACE] system - {"type":2000,"data":{"username":"1595.769577507969"}}
[2017-10-31 22:49:00.946] [TRACE] system - {"type":2000,"data":{"username":"1595.769577507969"}}
[2017-10-31 22:49:01.458] [TRACE] system - {"type":2000,"data":{"username":"1595.769577507969"}}
[2017-10-31 22:50:44.059] [TRACE] system - {"type":2000,"data":{"username":"1557.6995941190767"}}
[2017-10-31 22:50:45.252] [TRACE] system - {"type":2000,"data":{"username":"1132.5520753279034"}}
[2017-10-31 22:50:45.790] [TRACE] system - {"type":2000,"data":{"username":"1899.4778942171079"}}
[2017-10-31 22:50:46.230] [TRACE] system - {"type":2000,"data":{"username":"1792.0277883461151"}}
[2017-10-31 22:51:02.116] [TRACE] system - 玩家1557.6995941190767离开了游戏
[2017-10-31 22:51:02.127] [TRACE] system - {"type":2000,"data":{"username":"1557.6995941190767"}}
[2017-10-31 22:51:15.716] [TRACE] system - {"type":2000,"data":{"username":"1557.6995941190767"}}
[2017-10-31 22:51:58.631] [TRACE] system - {"type":2000,"data":{"username":"1414.9453671608762"}}
[2017-10-31 22:51:59.231] [TRACE] system - {"type":2000,"data":{"username":"1418.5378026560636"}}
[2017-10-31 22:51:59.716] [TRACE] system - {"type":2000,"data":{"username":"1952.1465740377043"}}
[2017-10-31 22:52:00.264] [TRACE] system - {"type":2000,"data":{"username":"1543.7529130810512"}}
[2017-10-31 22:52:21.599] [TRACE] system - 玩家1414.9453671608762离开了游戏
[2017-10-31 22:52:21.611] [TRACE] system - {"type":2000,"data":{"username":"1414.9453671608762"}}
[2017-10-31 22:53:24.152] [TRACE] system - {"type":2000,"data":{"username":"1532.561803221438"}}
[2017-10-31 22:53:25.292] [TRACE] system - {"type":2000,"data":{"username":"1738.1672029711112"}}
[2017-10-31 22:53:25.782] [TRACE] system - {"type":2000,"data":{"username":"1399.6137939894754"}}
[2017-10-31 22:53:26.270] [TRACE] system - {"type":2000,"data":{"username":"1965.412166654699"}}
[2017-10-31 22:53:36.861] [TRACE] system - 玩家1532.561803221438离开了游戏
[2017-10-31 22:53:36.876] [TRACE] system - {"type":2000,"data":{"username":"1532.561803221438"}}
[2017-10-31 22:55:42.060] [TRACE] system - {"type":2000,"data":{"username":"1018.5768286947877"}}
[2017-10-31 22:55:42.900] [TRACE] system - {"type":2000,"data":{"username":"1549.8843390738516"}}
[2017-10-31 22:55:43.367] [TRACE] system - {"type":2000,"data":{"username":"1662.920266889076"}}
[2017-10-31 22:55:43.889] [TRACE] system - {"type":2000,"data":{"username":"1011.8161190847643"}}
[2017-10-31 23:01:47.639] [TRACE] system - {"type":2000,"data":{"username":"1885.6214541574413"}}
[2017-10-31 23:01:48.292] [TRACE] system - {"type":2000,"data":{"username":"1421.439575523737"}}
[2017-10-31 23:01:48.918] [TRACE] system - {"type":2000,"data":{"username":"1359.476946422088"}}
[2017-10-31 23:01:49.432] [TRACE] system - {"type":2000,"data":{"username":"1690.4096066478878"}}
[2017-10-31 23:02:03.081] [TRACE] system - 玩家1885.6214541574413离开了游戏
[2017-10-31 23:02:03.093] [TRACE] system - {"type":2000,"data":{"username":"1885.6214541574413"}}
[2017-10-31 23:02:12.337] [TRACE] system - {"type":2000,"data":{"username":"1885.6214541574413"}}
[2017-10-31 23:02:13.273] [TRACE] system - {"type":2000,"data":{"username":"1885.6214541574413"}}
[2017-10-31 23:02:14.312] [TRACE] system - {"type":2000,"data":{"username":"1885.6214541574413"}}
